d:\dae_sem4\graphics prog 2\resident-evil-overlord\_intermediate\overlordproject\release\overlordproject.pch
d:\dae_sem4\graphics prog 2\resident-evil-overlord\_intermediate\overlordproject\release\vc143.pdb
d:\dae_sem4\graphics prog 2\resident-evil-overlord\_intermediate\overlordproject\release\stdafx.obj
d:\dae_sem4\graphics prog 2\resident-evil-overlord\_intermediate\overlordproject\release\sphereprefab.obj
d:\dae_sem4\graphics prog 2\resident-evil-overlord\_intermediate\overlordproject\release\cubeprefab.obj
d:\dae_sem4\graphics prog 2\resident-evil-overlord\_intermediate\overlordproject\release\componenttestscene.obj
d:\dae_sem4\graphics prog 2\resident-evil-overlord\_intermediate\overlordproject\release\pongscene.obj
d:\dae_sem4\graphics prog 2\resident-evil-overlord\_intermediate\overlordproject\release\player.obj
d:\dae_sem4\graphics prog 2\resident-evil-overlord\_intermediate\overlordproject\release\ponggamesettings.obj
d:\dae_sem4\graphics prog 2\resident-evil-overlord\_intermediate\overlordproject\release\modeltestscene.obj
d:\dae_sem4\graphics prog 2\resident-evil-overlord\_intermediate\overlordproject\release\deferredrenderingscene.obj
d:\dae_sem4\graphics prog 2\resident-evil-overlord\_intermediate\overlordproject\release\postprocessingscene.obj
d:\dae_sem4\graphics prog 2\resident-evil-overlord\_intermediate\overlordproject\release\character.obj
d:\dae_sem4\graphics prog 2\resident-evil-overlord\_intermediate\overlordproject\release\diffusematerial.obj
d:\dae_sem4\graphics prog 2\resident-evil-overlord\_intermediate\overlordproject\release\boneobject.obj
d:\dae_sem4\graphics prog 2\resident-evil-overlord\_intermediate\overlordproject\release\diffusematerial_shadow_skinned.obj
d:\dae_sem4\graphics prog 2\resident-evil-overlord\_intermediate\overlordproject\release\diffusematerial_shadow.obj
d:\dae_sem4\graphics prog 2\resident-evil-overlord\_intermediate\overlordproject\release\diffusematerial_skinned.obj
d:\dae_sem4\graphics prog 2\resident-evil-overlord\_intermediate\overlordproject\release\basicmaterial_deferred.obj
d:\dae_sem4\graphics prog 2\resident-evil-overlord\_intermediate\overlordproject\release\basicmaterial.obj
d:\dae_sem4\graphics prog 2\resident-evil-overlord\_intermediate\overlordproject\release\postambientocclusion.obj
d:\dae_sem4\graphics prog 2\resident-evil-overlord\_intermediate\overlordproject\release\postblur.obj
d:\dae_sem4\graphics prog 2\resident-evil-overlord\_intermediate\overlordproject\release\postgrayscale.obj
d:\dae_sem4\graphics prog 2\resident-evil-overlord\_intermediate\overlordproject\release\ubermaterial.obj
d:\dae_sem4\graphics prog 2\resident-evil-overlord\_intermediate\overlordproject\release\ubermaterialscene.obj
d:\dae_sem4\graphics prog 2\resident-evil-overlord\_intermediate\overlordproject\release\maingame.obj
d:\dae_sem4\graphics prog 2\resident-evil-overlord\_intermediate\overlordproject\release\main.obj
d:\dae_sem4\graphics prog 2\resident-evil-overlord\_intermediate\overlordproject\release\particlescene.obj
d:\dae_sem4\graphics prog 2\resident-evil-overlord\_intermediate\overlordproject\release\shadowmappingscene.obj
d:\dae_sem4\graphics prog 2\resident-evil-overlord\_intermediate\overlordproject\release\pickingscene.obj
d:\dae_sem4\graphics prog 2\resident-evil-overlord\_intermediate\overlordproject\release\fonttestscene.obj
d:\dae_sem4\graphics prog 2\resident-evil-overlord\_intermediate\overlordproject\release\characterscene.obj
d:\dae_sem4\graphics prog 2\resident-evil-overlord\_intermediate\overlordproject\release\hardwareskinningscene.obj
d:\dae_sem4\graphics prog 2\resident-evil-overlord\_intermediate\overlordproject\release\spritetestscene.obj
d:\dae_sem4\graphics prog 2\resident-evil-overlord\_intermediate\overlordproject\release\softwareskinningscene_3.obj
d:\dae_sem4\graphics prog 2\resident-evil-overlord\_intermediate\overlordproject\release\softwareskinningscene_2.obj
d:\dae_sem4\graphics prog 2\resident-evil-overlord\_intermediate\overlordproject\release\softwareskinningscene_1.obj
d:\dae_sem4\graphics prog 2\resident-evil-overlord\_intermediate\overlordproject\release\spikyscene.obj
d:\dae_sem4\graphics prog 2\resident-evil-overlord\_intermediate\overlordproject\release\spikymaterial.obj
d:\dae_sem4\graphics prog 2\resident-evil-overlord\_intermediate\overlordproject\release\minionscene.obj
d:\dae_sem4\graphics prog 2\resident-evil-overlord\_intermediate\overlordproject\release\colormaterial.obj
d:\dae_sem4\graphics prog 2\resident-evil-overlord\_intermediate\overlordproject\release\torusprefab.obj
d:\dae_sem4\graphics prog 2\resident-evil-overlord\_build\release\overlordproject.lib
d:\dae_sem4\graphics prog 2\resident-evil-overlord\_build\release\overlordproject.exp
d:\dae_sem4\graphics prog 2\resident-evil-overlord\_build\release\overlordproject.exe
d:\dae_sem4\graphics prog 2\resident-evil-overlord\_intermediate\overlordproject\release\overlordproject.ipdb
d:\dae_sem4\graphics prog 2\resident-evil-overlord\_build\release\overlordproject.pdb
d:\dae_sem4\graphics prog 2\resident-evil-overlord\_intermediate\overlordproject\release\overlordproject.iobj
d:\dae_sem4\graphics prog 2\resident-evil-overlord\_intermediate\overlordproject\release\overlordproject.vcxproj.filelistabsolute.txt
d:\dae_sem4\graphics prog 2\resident-evil-overlord\_intermediate\overlordproject\release\overlordproject.tlog\cl.command.1.tlog
d:\dae_sem4\graphics prog 2\resident-evil-overlord\_intermediate\overlordproject\release\overlordproject.tlog\cl.read.1.tlog
d:\dae_sem4\graphics prog 2\resident-evil-overlord\_intermediate\overlordproject\release\overlordproject.tlog\cl.write.1.tlog
d:\dae_sem4\graphics prog 2\resident-evil-overlord\_intermediate\overlordproject\release\overlordproject.tlog\link.command.1.tlog
d:\dae_sem4\graphics prog 2\resident-evil-overlord\_intermediate\overlordproject\release\overlordproject.tlog\link.read.1.tlog
d:\dae_sem4\graphics prog 2\resident-evil-overlord\_intermediate\overlordproject\release\overlordproject.tlog\link.write.1.tlog
d:\dae_sem4\graphics prog 2\resident-evil-overlord\_intermediate\overlordproject\release\overlordproject.tlog\link.write.2u.tlog
