d:\dae_sem4\graphics prog 2\resident-evil-overlord\overlordengine\_build\release\overlordengine.pdb
d:\dae_sem4\graphics prog 2\resident-evil-overlord\_intermediate\overlordengine\release\gamescene.obj
d:\dae_sem4\graphics prog 2\resident-evil-overlord\_intermediate\overlordengine\release\spriterenderer.obj
d:\dae_sem4\graphics prog 2\resident-evil-overlord\_intermediate\overlordengine\release\spritecomponent.obj
d:\dae_sem4\graphics prog 2\resident-evil-overlord\_intermediate\overlordengine\release\textrenderer.obj
d:\dae_sem4\graphics prog 2\resident-evil-overlord\_intermediate\overlordengine\release\overlordengine.pch
d:\dae_sem4\graphics prog 2\resident-evil-overlord\_intermediate\overlordengine\release\stdafx.obj
d:\dae_sem4\graphics prog 2\resident-evil-overlord\_intermediate\overlordengine\release\deferredlightrenderer.obj
d:\dae_sem4\graphics prog 2\resident-evil-overlord\_intermediate\overlordengine\release\texturedataloader.obj
d:\dae_sem4\graphics prog 2\resident-evil-overlord\_intermediate\overlordengine\release\spritefontloader.obj
d:\dae_sem4\graphics prog 2\resident-evil-overlord\_intermediate\overlordengine\release\pxmeshloader.obj
d:\dae_sem4\graphics prog 2\resident-evil-overlord\_intermediate\overlordengine\release\meshfilterloader.obj
d:\dae_sem4\graphics prog 2\resident-evil-overlord\_intermediate\overlordengine\release\effectloader.obj
d:\dae_sem4\graphics prog 2\resident-evil-overlord\_intermediate\overlordengine\release\transformcomponent.obj
d:\dae_sem4\graphics prog 2\resident-evil-overlord\_intermediate\overlordengine\release\rigidbodycomponent.obj
d:\dae_sem4\graphics prog 2\resident-evil-overlord\_intermediate\overlordengine\release\particleemittercomponent.obj
d:\dae_sem4\graphics prog 2\resident-evil-overlord\_intermediate\overlordengine\release\modelcomponent.obj
d:\dae_sem4\graphics prog 2\resident-evil-overlord\_intermediate\overlordengine\release\meshindexeddrawcomponent.obj
d:\dae_sem4\graphics prog 2\resident-evil-overlord\_intermediate\overlordengine\release\meshdrawcomponent.obj
d:\dae_sem4\graphics prog 2\resident-evil-overlord\_intermediate\overlordengine\release\controllercomponent.obj
d:\dae_sem4\graphics prog 2\resident-evil-overlord\_intermediate\overlordengine\release\cameracomponent.obj
d:\dae_sem4\graphics prog 2\resident-evil-overlord\_intermediate\overlordengine\release\basecomponent.obj
d:\dae_sem4\graphics prog 2\resident-evil-overlord\_intermediate\overlordengine\release\overlordgame.obj
d:\dae_sem4\graphics prog 2\resident-evil-overlord\_intermediate\overlordengine\release\logger.obj
d:\dae_sem4\graphics prog 2\resident-evil-overlord\_intermediate\overlordengine\release\gametime.obj
d:\dae_sem4\graphics prog 2\resident-evil-overlord\_intermediate\overlordengine\release\gamestats.obj
d:\dae_sem4\graphics prog 2\resident-evil-overlord\_intermediate\overlordengine\release\postprocessingmaterial.obj
d:\dae_sem4\graphics prog 2\resident-evil-overlord\_intermediate\overlordengine\release\particlematerial.obj
d:\dae_sem4\graphics prog 2\resident-evil-overlord\_intermediate\overlordengine\release\modelanimator.obj
d:\dae_sem4\graphics prog 2\resident-evil-overlord\_intermediate\overlordengine\release\meshfilter.obj
d:\dae_sem4\graphics prog 2\resident-evil-overlord\_intermediate\overlordengine\release\material.obj
d:\dae_sem4\graphics prog 2\resident-evil-overlord\_intermediate\overlordengine\release\basematerial.obj
d:\dae_sem4\graphics prog 2\resident-evil-overlord\_intermediate\overlordengine\release\soundmanager.obj
d:\dae_sem4\graphics prog 2\resident-evil-overlord\_intermediate\overlordengine\release\scenemanager.obj
d:\dae_sem4\graphics prog 2\resident-evil-overlord\_intermediate\overlordengine\release\physxmanager.obj
d:\dae_sem4\graphics prog 2\resident-evil-overlord\_intermediate\overlordengine\release\materialmanager.obj
d:\dae_sem4\graphics prog 2\resident-evil-overlord\_intermediate\overlordengine\release\lightmanager.obj
d:\dae_sem4\graphics prog 2\resident-evil-overlord\_intermediate\overlordengine\release\inputmanager.obj
d:\dae_sem4\graphics prog 2\resident-evil-overlord\_intermediate\overlordengine\release\contentmanager.obj
d:\dae_sem4\graphics prog 2\resident-evil-overlord\_intermediate\overlordengine\release\shadowmaprenderer.obj
d:\dae_sem4\graphics prog 2\resident-evil-overlord\_intermediate\overlordengine\release\debugrenderer.obj
d:\dae_sem4\graphics prog 2\resident-evil-overlord\_intermediate\overlordengine\release\delegate.obj
d:\dae_sem4\graphics prog 2\resident-evil-overlord\_intermediate\overlordengine\release\quadrenderer.obj
d:\dae_sem4\graphics prog 2\resident-evil-overlord\_intermediate\overlordengine\release\deferredrenderer.obj
d:\dae_sem4\graphics prog 2\resident-evil-overlord\_intermediate\overlordengine\release\vertexhelper.obj
d:\dae_sem4\graphics prog 2\resident-evil-overlord\_intermediate\overlordengine\release\utils.obj
d:\dae_sem4\graphics prog 2\resident-evil-overlord\_intermediate\overlordengine\release\physxhelper.obj
d:\dae_sem4\graphics prog 2\resident-evil-overlord\_intermediate\overlordengine\release\imguihelper.obj
d:\dae_sem4\graphics prog 2\resident-evil-overlord\_intermediate\overlordengine\release\effecthelper.obj
d:\dae_sem4\graphics prog 2\resident-evil-overlord\_intermediate\overlordengine\release\binaryreader.obj
d:\dae_sem4\graphics prog 2\resident-evil-overlord\_intermediate\overlordengine\release\gameobject.obj
d:\dae_sem4\graphics prog 2\resident-evil-overlord\_intermediate\overlordengine\release\freecamera.obj
d:\dae_sem4\graphics prog 2\resident-evil-overlord\_intermediate\overlordengine\release\fixedcamera.obj
d:\dae_sem4\graphics prog 2\resident-evil-overlord\_intermediate\overlordengine\release\physxproxy.obj
d:\dae_sem4\graphics prog 2\resident-evil-overlord\_intermediate\overlordengine\release\physxerrorcallback.obj
d:\dae_sem4\graphics prog 2\resident-evil-overlord\_intermediate\overlordengine\release\texturedata.obj
d:\dae_sem4\graphics prog 2\resident-evil-overlord\_intermediate\overlordengine\release\spritefont.obj
d:\dae_sem4\graphics prog 2\resident-evil-overlord\_intermediate\overlordengine\release\shadowmapmaterial.obj
d:\dae_sem4\graphics prog 2\resident-evil-overlord\_intermediate\overlordengine\release\rendertarget.obj
d:\dae_sem4\graphics prog 2\resident-evil-overlord\overlordengine\_build\release\overlordengine.lib
d:\dae_sem4\graphics prog 2\resident-evil-overlord\_intermediate\overlordengine\release\overlordengine.vcxproj.filelistabsolute.txt
d:\dae_sem4\graphics prog 2\resident-evil-overlord\_intermediate\overlordengine\release\overlordengine.tlog\cl.command.1.tlog
d:\dae_sem4\graphics prog 2\resident-evil-overlord\_intermediate\overlordengine\release\overlordengine.tlog\cl.read.1.tlog
d:\dae_sem4\graphics prog 2\resident-evil-overlord\_intermediate\overlordengine\release\overlordengine.tlog\cl.write.1.tlog
d:\dae_sem4\graphics prog 2\resident-evil-overlord\_intermediate\overlordengine\release\overlordengine.tlog\lib-link.read.1.tlog
d:\dae_sem4\graphics prog 2\resident-evil-overlord\_intermediate\overlordengine\release\overlordengine.tlog\lib-link.write.1.tlog
d:\dae_sem4\graphics prog 2\resident-evil-overlord\_intermediate\overlordengine\release\overlordengine.tlog\lib.command.1.tlog
