d:\dae_sem4\graphics prog 2\resident-evil-overlord\_intermediate\overlordproject\debug\overlordproject.pch
d:\dae_sem4\graphics prog 2\resident-evil-overlord\_intermediate\overlordproject\debug\vc143.pdb
d:\dae_sem4\graphics prog 2\resident-evil-overlord\_intermediate\overlordproject\debug\vc143.idb
d:\dae_sem4\graphics prog 2\resident-evil-overlord\_intermediate\overlordproject\debug\stdafx.obj
d:\dae_sem4\graphics prog 2\resident-evil-overlord\_intermediate\overlordproject\debug\dininghallscene.obj
d:\dae_sem4\graphics prog 2\resident-evil-overlord\_intermediate\overlordproject\debug\redoor.obj
d:\dae_sem4\graphics prog 2\resident-evil-overlord\_intermediate\overlordproject\debug\interactablecomponent.obj
d:\dae_sem4\graphics prog 2\resident-evil-overlord\_intermediate\overlordproject\debug\iinteractable.obj
d:\dae_sem4\graphics prog 2\resident-evil-overlord\_intermediate\overlordproject\debug\replayercontroller.obj
d:\dae_sem4\graphics prog 2\resident-evil-overlord\_intermediate\overlordproject\debug\replayeranimcontroller.obj
d:\dae_sem4\graphics prog 2\resident-evil-overlord\_intermediate\overlordproject\debug\recameramanager.obj
d:\dae_sem4\graphics prog 2\resident-evil-overlord\_intermediate\overlordproject\debug\recamera.obj
d:\dae_sem4\graphics prog 2\resident-evil-overlord\_intermediate\overlordproject\debug\cameraswitch.obj
d:\dae_sem4\graphics prog 2\resident-evil-overlord\_intermediate\overlordproject\debug\character.obj
d:\dae_sem4\graphics prog 2\resident-evil-overlord\_intermediate\overlordproject\debug\diffusematerial.obj
d:\dae_sem4\graphics prog 2\resident-evil-overlord\_intermediate\overlordproject\debug\boneobject.obj
d:\dae_sem4\graphics prog 2\resident-evil-overlord\_intermediate\overlordproject\debug\diffusematerial_shadow_skinned.obj
d:\dae_sem4\graphics prog 2\resident-evil-overlord\_intermediate\overlordproject\debug\diffusematerial_shadow.obj
d:\dae_sem4\graphics prog 2\resident-evil-overlord\_intermediate\overlordproject\debug\diffusematerial_skinned.obj
d:\dae_sem4\graphics prog 2\resident-evil-overlord\_intermediate\overlordproject\debug\basicmaterial_deferred.obj
d:\dae_sem4\graphics prog 2\resident-evil-overlord\_intermediate\overlordproject\debug\basicmaterial.obj
d:\dae_sem4\graphics prog 2\resident-evil-overlord\_intermediate\overlordproject\debug\postambientocclusion.obj
d:\dae_sem4\graphics prog 2\resident-evil-overlord\_intermediate\overlordproject\debug\postblur.obj
d:\dae_sem4\graphics prog 2\resident-evil-overlord\_intermediate\overlordproject\debug\postgrayscale.obj
d:\dae_sem4\graphics prog 2\resident-evil-overlord\_intermediate\overlordproject\debug\staticmeshfactory.obj
d:\dae_sem4\graphics prog 2\resident-evil-overlord\_intermediate\overlordproject\debug\fbxloader.obj
d:\dae_sem4\graphics prog 2\resident-evil-overlord\_intermediate\overlordproject\debug\ubermaterial.obj
d:\dae_sem4\graphics prog 2\resident-evil-overlord\_intermediate\overlordproject\debug\maingame.obj
d:\dae_sem4\graphics prog 2\resident-evil-overlord\_intermediate\overlordproject\debug\main.obj
d:\dae_sem4\graphics prog 2\resident-evil-overlord\_intermediate\overlordproject\debug\particlescene.obj
d:\dae_sem4\graphics prog 2\resident-evil-overlord\_intermediate\overlordproject\debug\shadowmappingscene.obj
d:\dae_sem4\graphics prog 2\resident-evil-overlord\_intermediate\overlordproject\debug\pickingscene.obj
d:\dae_sem4\graphics prog 2\resident-evil-overlord\_intermediate\overlordproject\debug\fonttestscene.obj
d:\dae_sem4\graphics prog 2\resident-evil-overlord\_intermediate\overlordproject\debug\characterscene.obj
d:\dae_sem4\graphics prog 2\resident-evil-overlord\_intermediate\overlordproject\debug\spikymaterial.obj
d:\dae_sem4\graphics prog 2\resident-evil-overlord\_intermediate\overlordproject\debug\colormaterial.obj
d:\dae_sem4\graphics prog 2\resident-evil-overlord\_intermediate\overlordproject\debug\torusprefab.obj
d:\dae_sem4\graphics prog 2\resident-evil-overlord\_intermediate\overlordproject\debug\sphereprefab.obj
d:\dae_sem4\graphics prog 2\resident-evil-overlord\_intermediate\overlordproject\debug\cubeprefab.obj
d:\dae_sem4\graphics prog 2\resident-evil-overlord\_intermediate\overlordproject\debug\player.obj
d:\dae_sem4\graphics prog 2\resident-evil-overlord\_intermediate\overlordproject\debug\ponggamesettings.obj
d:\dae_sem4\graphics prog 2\resident-evil-overlord\_intermediate\overlordproject\debug\deferredrenderingscene.obj
d:\dae_sem4\graphics prog 2\resident-evil-overlord\_intermediate\overlordproject\debug\postprocessingscene.obj
d:\dae_sem4\graphics prog 2\resident-evil-overlord\_intermediate\overlordproject\debug\mainhallscene.obj
d:\dae_sem4\graphics prog 2\resident-evil-overlord\_intermediate\overlordproject\debug\reinteractableobject.obj
d:\dae_sem4\graphics prog 2\resident-evil-overlord\_intermediate\overlordproject\debug\reclock.obj
d:\dae_sem4\graphics prog 2\resident-evil-overlord\_intermediate\overlordproject\debug\subtitlemanager.obj
d:\dae_sem4\graphics prog 2\resident-evil-overlord\_intermediate\overlordproject\debug\rezombie.obj
d:\dae_sem4\graphics prog 2\resident-evil-overlord\_intermediate\overlordproject\debug\healthcomponent.obj
d:\dae_sem4\graphics prog 2\resident-evil-overlord\_build\debug\overlordproject.lib
d:\dae_sem4\graphics prog 2\resident-evil-overlord\_build\debug\overlordproject.exp
d:\dae_sem4\graphics prog 2\resident-evil-overlord\_build\debug\overlordproject.exe
d:\dae_sem4\graphics prog 2\resident-evil-overlord\_intermediate\overlordproject\debug\overlordproject.ilk
d:\dae_sem4\graphics prog 2\resident-evil-overlord\_build\debug\overlordproject.pdb
d:\dae_sem4\graphics prog 2\resident-evil-overlord\_intermediate\overlordproject\debug\overlordproject.vcxproj.filelistabsolute.txt
d:\dae_sem4\graphics prog 2\resident-evil-overlord\_intermediate\overlordproject\debug\overlordproject.tlog\cl.command.1.tlog
d:\dae_sem4\graphics prog 2\resident-evil-overlord\_intermediate\overlordproject\debug\overlordproject.tlog\cl.read.1.tlog
d:\dae_sem4\graphics prog 2\resident-evil-overlord\_intermediate\overlordproject\debug\overlordproject.tlog\cl.write.1.tlog
d:\dae_sem4\graphics prog 2\resident-evil-overlord\_intermediate\overlordproject\debug\overlordproject.tlog\link.command.1.tlog
d:\dae_sem4\graphics prog 2\resident-evil-overlord\_intermediate\overlordproject\debug\overlordproject.tlog\link.read.1.tlog
d:\dae_sem4\graphics prog 2\resident-evil-overlord\_intermediate\overlordproject\debug\overlordproject.tlog\link.write.1.tlog
d:\dae_sem4\graphics prog 2\resident-evil-overlord\_intermediate\overlordproject\debug\overlordproject.tlog\link.write.2u.tlog
