cl : command line  warning D9002: ignoring unknown option '/ignore:4099'
  stdafx.cpp
cl : command line  warning D9002: ignoring unknown option '/ignore:4099'
  GameStats.cpp
  GameTime.cpp
  Logger.cpp
  OverlordGame.cpp
  BaseComponent.cpp
  CameraComponent.cpp
  ControllerComponent.cpp
  MeshDrawComponent.cpp
  MeshIndexedDrawComponent.cpp
  ModelComponent.cpp
  ParticleEmitterComponent.cpp
  RigidBodyComponent.cpp
  SpriteComponent.cpp
  TransformComponent.cpp
  EffectLoader.cpp
  MeshFilterLoader.cpp
  PxMeshLoader.cpp
  SpriteFontLoader.cpp
  TextureDataLoader.cpp
  DeferredLightRenderer.cpp
  Generating Code...
  Compiling...
  DeferredRenderer.cpp
  QuadRenderer.cpp
  DebugRenderer.cpp
  ShadowMapRenderer.cpp
  SpriteRenderer.cpp
  TextRenderer.cpp
  ContentManager.cpp
  InputManager.cpp
  LightManager.cpp
  MaterialManager.cpp
  PhysXManager.cpp
  SceneManager.cpp
  SoundManager.cpp
  BaseMaterial.cpp
  Material.cpp
  MeshFilter.cpp
  ModelAnimator.cpp
  ParticleMaterial.cpp
  PostProcessingMaterial.cpp
  RenderTarget.cpp
  Generating Code...
  Compiling...
  ShadowMapMaterial.cpp
  SpriteFont.cpp
  TextureData.cpp
  PhysxErrorCallback.cpp
  PhysxProxy.cpp
  FixedCamera.cpp
  FreeCamera.cpp
  GameObject.cpp
  GameScene.cpp
  BinaryReader.cpp
  EffectHelper.cpp
  ImguiHelper.cpp
  PhysxHelper.cpp
  Utils.cpp
  VertexHelper.cpp
  Generating Code...
  OverlordEngine.vcxproj -> D:\DAE_SEM4\Graphics Prog 2\OverlordEngine\OverlordEngine\_build\Debug\OverlordEngine.lib
