d:\dae_sem4\graphics prog 2\resident-evil-overlord\_intermediate\overlordengine\debug\overlordengine.pch
d:\dae_sem4\graphics prog 2\resident-evil-overlord\overlordengine\_build\debug\overlordengine.pdb
d:\dae_sem4\graphics prog 2\resident-evil-overlord\overlordengine\_build\debug\overlordengine.idb
d:\dae_sem4\graphics prog 2\resident-evil-overlord\_intermediate\overlordengine\debug\stdafx.obj
d:\dae_sem4\graphics prog 2\resident-evil-overlord\_intermediate\overlordengine\debug\deferredlightrenderer.obj
d:\dae_sem4\graphics prog 2\resident-evil-overlord\_intermediate\overlordengine\debug\texturedataloader.obj
d:\dae_sem4\graphics prog 2\resident-evil-overlord\_intermediate\overlordengine\debug\spritefontloader.obj
d:\dae_sem4\graphics prog 2\resident-evil-overlord\_intermediate\overlordengine\debug\pxmeshloader.obj
d:\dae_sem4\graphics prog 2\resident-evil-overlord\_intermediate\overlordengine\debug\meshfilterloader.obj
d:\dae_sem4\graphics prog 2\resident-evil-overlord\_intermediate\overlordengine\debug\effectloader.obj
d:\dae_sem4\graphics prog 2\resident-evil-overlord\_intermediate\overlordengine\debug\transformcomponent.obj
d:\dae_sem4\graphics prog 2\resident-evil-overlord\_intermediate\overlordengine\debug\spritecomponent.obj
d:\dae_sem4\graphics prog 2\resident-evil-overlord\_intermediate\overlordengine\debug\rigidbodycomponent.obj
d:\dae_sem4\graphics prog 2\resident-evil-overlord\_intermediate\overlordengine\debug\particleemittercomponent.obj
d:\dae_sem4\graphics prog 2\resident-evil-overlord\_intermediate\overlordengine\debug\modelcomponent.obj
d:\dae_sem4\graphics prog 2\resident-evil-overlord\_intermediate\overlordengine\debug\meshindexeddrawcomponent.obj
d:\dae_sem4\graphics prog 2\resident-evil-overlord\_intermediate\overlordengine\debug\meshdrawcomponent.obj
d:\dae_sem4\graphics prog 2\resident-evil-overlord\_intermediate\overlordengine\debug\controllercomponent.obj
d:\dae_sem4\graphics prog 2\resident-evil-overlord\_intermediate\overlordengine\debug\cameracomponent.obj
d:\dae_sem4\graphics prog 2\resident-evil-overlord\_intermediate\overlordengine\debug\basecomponent.obj
d:\dae_sem4\graphics prog 2\resident-evil-overlord\_intermediate\overlordengine\debug\overlordgame.obj
d:\dae_sem4\graphics prog 2\resident-evil-overlord\_intermediate\overlordengine\debug\logger.obj
d:\dae_sem4\graphics prog 2\resident-evil-overlord\_intermediate\overlordengine\debug\gametime.obj
d:\dae_sem4\graphics prog 2\resident-evil-overlord\_intermediate\overlordengine\debug\gamestats.obj
d:\dae_sem4\graphics prog 2\resident-evil-overlord\_intermediate\overlordengine\debug\postprocessingmaterial.obj
d:\dae_sem4\graphics prog 2\resident-evil-overlord\_intermediate\overlordengine\debug\particlematerial.obj
d:\dae_sem4\graphics prog 2\resident-evil-overlord\_intermediate\overlordengine\debug\modelanimator.obj
d:\dae_sem4\graphics prog 2\resident-evil-overlord\_intermediate\overlordengine\debug\meshfilter.obj
d:\dae_sem4\graphics prog 2\resident-evil-overlord\_intermediate\overlordengine\debug\material.obj
d:\dae_sem4\graphics prog 2\resident-evil-overlord\_intermediate\overlordengine\debug\basematerial.obj
d:\dae_sem4\graphics prog 2\resident-evil-overlord\_intermediate\overlordengine\debug\soundmanager.obj
d:\dae_sem4\graphics prog 2\resident-evil-overlord\_intermediate\overlordengine\debug\scenemanager.obj
d:\dae_sem4\graphics prog 2\resident-evil-overlord\_intermediate\overlordengine\debug\physxmanager.obj
d:\dae_sem4\graphics prog 2\resident-evil-overlord\_intermediate\overlordengine\debug\materialmanager.obj
d:\dae_sem4\graphics prog 2\resident-evil-overlord\_intermediate\overlordengine\debug\lightmanager.obj
d:\dae_sem4\graphics prog 2\resident-evil-overlord\_intermediate\overlordengine\debug\inputmanager.obj
d:\dae_sem4\graphics prog 2\resident-evil-overlord\_intermediate\overlordengine\debug\contentmanager.obj
d:\dae_sem4\graphics prog 2\resident-evil-overlord\_intermediate\overlordengine\debug\textrenderer.obj
d:\dae_sem4\graphics prog 2\resident-evil-overlord\_intermediate\overlordengine\debug\spriterenderer.obj
d:\dae_sem4\graphics prog 2\resident-evil-overlord\_intermediate\overlordengine\debug\shadowmaprenderer.obj
d:\dae_sem4\graphics prog 2\resident-evil-overlord\_intermediate\overlordengine\debug\debugrenderer.obj
d:\dae_sem4\graphics prog 2\resident-evil-overlord\_intermediate\overlordengine\debug\delegate.obj
d:\dae_sem4\graphics prog 2\resident-evil-overlord\_intermediate\overlordengine\debug\quadrenderer.obj
d:\dae_sem4\graphics prog 2\resident-evil-overlord\_intermediate\overlordengine\debug\deferredrenderer.obj
d:\dae_sem4\graphics prog 2\resident-evil-overlord\_intermediate\overlordengine\debug\vertexhelper.obj
d:\dae_sem4\graphics prog 2\resident-evil-overlord\_intermediate\overlordengine\debug\utils.obj
d:\dae_sem4\graphics prog 2\resident-evil-overlord\_intermediate\overlordengine\debug\physxhelper.obj
d:\dae_sem4\graphics prog 2\resident-evil-overlord\_intermediate\overlordengine\debug\imguihelper.obj
d:\dae_sem4\graphics prog 2\resident-evil-overlord\_intermediate\overlordengine\debug\effecthelper.obj
d:\dae_sem4\graphics prog 2\resident-evil-overlord\_intermediate\overlordengine\debug\binaryreader.obj
d:\dae_sem4\graphics prog 2\resident-evil-overlord\_intermediate\overlordengine\debug\gamescene.obj
d:\dae_sem4\graphics prog 2\resident-evil-overlord\_intermediate\overlordengine\debug\gameobject.obj
d:\dae_sem4\graphics prog 2\resident-evil-overlord\_intermediate\overlordengine\debug\freecamera.obj
d:\dae_sem4\graphics prog 2\resident-evil-overlord\_intermediate\overlordengine\debug\fixedcamera.obj
d:\dae_sem4\graphics prog 2\resident-evil-overlord\_intermediate\overlordengine\debug\physxproxy.obj
d:\dae_sem4\graphics prog 2\resident-evil-overlord\_intermediate\overlordengine\debug\physxerrorcallback.obj
d:\dae_sem4\graphics prog 2\resident-evil-overlord\_intermediate\overlordengine\debug\texturedata.obj
d:\dae_sem4\graphics prog 2\resident-evil-overlord\_intermediate\overlordengine\debug\spritefont.obj
d:\dae_sem4\graphics prog 2\resident-evil-overlord\_intermediate\overlordengine\debug\shadowmapmaterial.obj
d:\dae_sem4\graphics prog 2\resident-evil-overlord\_intermediate\overlordengine\debug\rendertarget.obj
d:\dae_sem4\graphics prog 2\resident-evil-overlord\overlordengine\_build\debug\overlordengine.lib
d:\dae_sem4\graphics prog 2\resident-evil-overlord\_intermediate\overlordengine\debug\overlordengine.vcxproj.filelistabsolute.txt
d:\dae_sem4\graphics prog 2\resident-evil-overlord\_intermediate\overlordengine\debug\overlordengine.tlog\cl.command.1.tlog
d:\dae_sem4\graphics prog 2\resident-evil-overlord\_intermediate\overlordengine\debug\overlordengine.tlog\cl.read.1.tlog
d:\dae_sem4\graphics prog 2\resident-evil-overlord\_intermediate\overlordengine\debug\overlordengine.tlog\cl.write.1.tlog
d:\dae_sem4\graphics prog 2\resident-evil-overlord\_intermediate\overlordengine\debug\overlordengine.tlog\lib-link.read.1.tlog
d:\dae_sem4\graphics prog 2\resident-evil-overlord\_intermediate\overlordengine\debug\overlordengine.tlog\lib-link.write.1.tlog
d:\dae_sem4\graphics prog 2\resident-evil-overlord\_intermediate\overlordengine\debug\overlordengine.tlog\lib.command.1.tlog
